<?xml version="1.0" encoding="UTF-8"?>
<!-- Generated by org.testng.reporters.JUnitXMLReporter -->
<testsuite ignored="0" hostname="BA-000311899" failures="0" tests="6" name="AutomationTest" time="119.128" errors="0" timestamp="2023-11-23T15:01:13 IST">
  <testcase classname="Automation.Zuora.TestCases.ZoruaTestCases" name="loginPage" time="2.994"/>
  <testcase classname="Automation.Zuora.TestCases.ZoruaTestCases" name="sandbox" time="14.73"/>
  <testcase classname="Automation.Zuora.TestCases.ZoruaTestCases" name="customerDetails" time="8.894"/>
  <testcase classname="Automation.Zuora.TestCases.ZoruaTestCases" name="accountDetails" time="0.328"/>
  <testcase classname="Automation.Zuora.TestCases.ZoruaTestCases" name="accountingCreate" time="18.168"/>
  <testcase classname="Automation.Zuora.TestCases.ZoruaTestCases" name="orderPage" time="72.58"/>
</testsuite> <!-- AutomationTest -->
