<?xml version="1.0" encoding="UTF-8"?>
<!-- Generated by org.testng.reporters.JUnitXMLReporter -->
<testsuite ignored="0" hostname="BA-000311899" failures="0" tests="6" name="Default test" time="128.601" errors="0" timestamp="2023-10-12T14:32:01 IST">
  <testcase classname="Automation.Zuora.TestCases.ZoruaTestCases" name="loginPage" time="3.071"/>
  <testcase classname="Automation.Zuora.TestCases.ZoruaTestCases" name="sandbox" time="14.639"/>
  <testcase classname="Automation.Zuora.TestCases.ZoruaTestCases" name="customerDetails" time="13.741"/>
  <testcase classname="Automation.Zuora.TestCases.ZoruaTestCases" name="accountDetails" time="0.181"/>
  <testcase classname="Automation.Zuora.TestCases.ZoruaTestCases" name="accountingCreate" time="22.627"/>
  <testcase classname="Automation.Zuora.TestCases.ZoruaTestCases" name="orderPage" time="74.075"/>
</testsuite> <!-- Default test -->
