<?xml version="1.0" encoding="UTF-8"?>
<testng-results ignored="0" total="2" passed="2" failed="0" skipped="0">
  <reporter-output>
    <line>
      <![CDATA[userName]]>
    </line>
    <line>
      <![CDATA[passWord]]>
    </line>
    <line>
      <![CDATA[checkBox]]>
    </line>
    <line>
      <![CDATA[sign]]>
    </line>
    <line>
      <![CDATA[myApps]]>
    </line>
    <line>
      <![CDATA[sandBox]]>
    </line>
  </reporter-output>
  <suite started-at="2023-10-10T15:53:47 IST" name="Default suite" finished-at="2023-10-10T15:53:59 IST" duration-ms="11987">
    <groups>
    </groups>
    <test started-at="2023-10-10T15:53:47 IST" name="Default test" finished-at="2023-10-10T15:53:59 IST" duration-ms="11987">
      <class name="Automation.Workday.TestCases.ZoruaTestCases">
        <test-method is-config="true" signature="launchApplication()[pri:0, instance:Automation.Workday.TestCases.ZoruaTestCases@4331d187]" started-at="2023-10-10T15:53:39 IST" name="launchApplication" finished-at="2023-10-10T15:53:47 IST" duration-ms="7303" status="PASS">
          <reporter-output>
          </reporter-output>
        </test-method> <!-- launchApplication -->
        <test-method signature="loginPage()[pri:1, instance:Automation.Workday.TestCases.ZoruaTestCases@4331d187]" started-at="2023-10-10T15:53:47 IST" name="loginPage" finished-at="2023-10-10T15:53:49 IST" duration-ms="2582" status="PASS">
          <reporter-output>
            <line>
              <![CDATA[userName]]>
            </line>
            <line>
              <![CDATA[passWord]]>
            </line>
            <line>
              <![CDATA[checkBox]]>
            </line>
            <line>
              <![CDATA[sign]]>
            </line>
          </reporter-output>
        </test-method> <!-- loginPage -->
        <test-method signature="sandbox()[pri:2, instance:Automation.Workday.TestCases.ZoruaTestCases@4331d187]" started-at="2023-10-10T15:53:49 IST" name="sandbox" finished-at="2023-10-10T15:53:58 IST" duration-ms="9277" status="PASS">
          <reporter-output>
            <line>
              <![CDATA[myApps]]>
            </line>
            <line>
              <![CDATA[sandBox]]>
            </line>
          </reporter-output>
        </test-method> <!-- sandbox -->
        <test-method is-config="true" signature="closeApplication()[pri:0, instance:Automation.Workday.TestCases.ZoruaTestCases@4331d187]" started-at="2023-10-10T15:53:59 IST" name="closeApplication" finished-at="2023-10-10T15:53:59 IST" duration-ms="335" status="PASS">
          <reporter-output>
          </reporter-output>
        </test-method> <!-- closeApplication -->
      </class> <!-- Automation.Workday.TestCases.ZoruaTestCases -->
    </test> <!-- Default test -->
  </suite> <!-- Default suite -->
</testng-results>
